/*C11*/SET SCHEMA PUBLIC
create table ACCOUNTS (ID integer GENERATED BY DEFAULT AS IDENTITY(START WITH 100) PRIMARY KEY, NM VARCHAR(50), Balance float)
INSERT INTO ACCOUNTS VALUES(200,'Baker',11.11E0)
COMMIT
INSERT INTO ACCOUNTS VALUES(201,'Charley',22.22E0)
COMMIT
INSERT INTO ACCOUNTS VALUES(202,'Delta',33.33E0)
COMMIT
/*C12*/SET SCHEMA PUBLIC
DISCONNECT
/*C13*/SET SCHEMA PUBLIC
INSERT INTO ACCOUNTS VALUES(1,'Abe',100.0E0)
COMMIT
DISCONNECT
/*C11*/DISCONNECT
/*C15*/SET SCHEMA PUBLIC
DISCONNECT
/*C16*/SET SCHEMA PUBLIC
ROLLBACK
DISCONNECT
/*C17*/SET SCHEMA PUBLIC
ROLLBACK
DISCONNECT
/*C18*/SET SCHEMA PUBLIC
DISCONNECT
/*C19*/SET SCHEMA PUBLIC
ROLLBACK
DISCONNECT
/*C20*/SET SCHEMA PUBLIC
ROLLBACK
DISCONNECT
/*C21*/SET SCHEMA PUBLIC
DISCONNECT
/*C22*/SET SCHEMA PUBLIC
ROLLBACK
DISCONNECT
/*C23*/SET SCHEMA PUBLIC
drop table accounts
create table ACCOUNTS (ID integer GENERATED BY DEFAULT AS IDENTITY(START WITH 100) PRIMARY KEY, NM VARCHAR(50), Balance float)
INSERT INTO ACCOUNTS VALUES(200,'Baker',11.11E0)
COMMIT
INSERT INTO ACCOUNTS VALUES(201,'Charley',22.22E0)
COMMIT
INSERT INTO ACCOUNTS VALUES(202,'Delta',33.33E0)
COMMIT
DISCONNECT
/*C24*/SET SCHEMA PUBLIC
DISCONNECT
/*C25*/SET SCHEMA PUBLIC
ROLLBACK
DISCONNECT
/*C26*/SET SCHEMA PUBLIC
drop table accounts
create table ACCOUNTS (ID integer GENERATED BY DEFAULT AS IDENTITY(START WITH 100) PRIMARY KEY, NM VARCHAR(50), Balance float)
INSERT INTO ACCOUNTS VALUES(200,'Baker',11.11E0)
COMMIT
INSERT INTO ACCOUNTS VALUES(201,'Charley',22.22E0)
COMMIT
INSERT INTO ACCOUNTS VALUES(202,'Delta',33.33E0)
COMMIT
DISCONNECT
/*C27*/SET SCHEMA PUBLIC
DISCONNECT
/*C28*/SET SCHEMA PUBLIC
DISCONNECT
/*C29*/SET SCHEMA PUBLIC
drop table accounts
create table ACCOUNTS (ID integer GENERATED BY DEFAULT AS IDENTITY(START WITH 100) PRIMARY KEY, NM VARCHAR(50), Balance float)
INSERT INTO ACCOUNTS VALUES(200,'Baker',11.11E0)
COMMIT
INSERT INTO ACCOUNTS VALUES(201,'Charley',22.22E0)
COMMIT
INSERT INTO ACCOUNTS VALUES(202,'Delta',33.33E0)
COMMIT
DISCONNECT
/*C30*/SET SCHEMA PUBLIC
DISCONNECT
/*C31*/SET SCHEMA PUBLIC
INSERT INTO ACCOUNTS VALUES(308166125,'Abe',100.0E0)
COMMIT
DISCONNECT
/*C32*/SET SCHEMA PUBLIC
DISCONNECT
/*C33*/SET SCHEMA PUBLIC
DISCONNECT
/*C34*/SET SCHEMA PUBLIC
drop table accounts
create table ACCOUNTS (ID integer GENERATED BY DEFAULT AS IDENTITY(START WITH 100) PRIMARY KEY, NM VARCHAR(50), Balance float)
INSERT INTO ACCOUNTS VALUES(200,'Baker',11.11E0)
COMMIT
INSERT INTO ACCOUNTS VALUES(201,'Charley',22.22E0)
COMMIT
INSERT INTO ACCOUNTS VALUES(202,'Delta',33.33E0)
COMMIT
DISCONNECT
/*C35*/SET SCHEMA PUBLIC
DISCONNECT
/*C36*/SET SCHEMA PUBLIC
INSERT INTO ACCOUNTS VALUES(-2085560667,'Abe',100.0E0)
COMMIT
/*C37*/SET SCHEMA PUBLIC
DISCONNECT
/*C38*/SET SCHEMA PUBLIC
DISCONNECT
/*C39*/SET SCHEMA PUBLIC
DISCONNECT
/*C40*/SET SCHEMA PUBLIC
DELETE FROM SEQUENCE WHERE SEQ_NAME='SEQ_GEN'
INSERT INTO SEQUENCE VALUES('SEQ_GEN',100)
COMMIT
ROLLBACK
ROLLBACK
ROLLBACK
DISCONNECT
/*C41*/SET SCHEMA PUBLIC
DISCONNECT
/*C42*/SET SCHEMA PUBLIC
DELETE FROM SEQUENCE WHERE SEQ_NAME='SEQ_GEN'
INSERT INTO SEQUENCE VALUES('SEQ_GEN',150)
COMMIT
INSERT INTO BOOK VALUES(101,'Bill Burke',NULL,'Enterprise JavaBeans 3.1',1)
COMMIT
DELETE FROM BOOK WHERE ID=101
INSERT INTO BOOK VALUES(101,'Andrew lee Rubinger',NULL,'Enterprise JavaBeans 3.1',2)
COMMIT
DISCONNECT
/*C36*/DISCONNECT
